d:\qtprojects\ice_player\win32\debug\vc120.pdb
d:\qtprojects\ice_player\win32\debug\nofocusdelegate.obj
d:\qtprojects\ice_player\win32\debug\main.obj
d:\qtprojects\ice_player\win32\debug\icevolbutton.obj
d:\qtprojects\ice_player\win32\debug\iceplayer.obj
d:\qtprojects\ice_player\win32\debug\icelabel.obj
d:\qtprojects\ice_player\win32\debug\icebutton.obj
d:\qtprojects\ice_player\win32\debug\moc_icevolbutton.obj
d:\qtprojects\ice_player\win32\debug\moc_iceplayer.obj
d:\qtprojects\ice_player\win32\debug\moc_icelabel.obj
d:\qtprojects\ice_player\win32\debug\moc_icebutton.obj
d:\qtprojects\ice_player\win32\debug\qrc_resources.obj
d:\qtprojects\ice_player\debug\moc_icelabel.cpp
d:\qtprojects\ice_player\debug\moc_icevolbutton.cpp
d:\qtprojects\ice_player\generatedfiles\qrc_resources.cpp
d:\qtprojects\ice_player\debug\moc_icebutton.cpp
d:\qtprojects\ice_player\debug\moc_iceplayer.cpp
d:\qtprojects\ice_player\generatedfiles\ui_iceplayer.h
d:\qtprojects\ice_player\debug\ice_player.ilk
d:\qtprojects\ice_player\debug\ice_player.exe
d:\qtprojects\ice_player\debug\ice_player.pdb
d:\qtprojects\ice_player\win32\debug\ice_player.tlog\cl.command.1.tlog
d:\qtprojects\ice_player\win32\debug\ice_player.tlog\cl.read.1.tlog
d:\qtprojects\ice_player\win32\debug\ice_player.tlog\cl.write.1.tlog
d:\qtprojects\ice_player\win32\debug\ice_player.tlog\custombuild.command.1.tlog
d:\qtprojects\ice_player\win32\debug\ice_player.tlog\custombuild.read.1.tlog
d:\qtprojects\ice_player\win32\debug\ice_player.tlog\custombuild.write.1.tlog
d:\qtprojects\ice_player\win32\debug\ice_player.tlog\link.command.1.tlog
d:\qtprojects\ice_player\win32\debug\ice_player.tlog\link.read.1.tlog
d:\qtprojects\ice_player\win32\debug\ice_player.tlog\link.write.1.tlog
